0 silly input [ 'test' ]
1 silly flags { _: [ 'run' ],
1 silly flags   'reject-cycles': false,
1 silly flags   rejectCycles: false,
1 silly flags   script: 'test',
1 silly flags   args: [] }
2 verbose rootPath /home/angeloocana/dev/gatsby-plugin-i18n
3 info version 2.9.1
4 silly existsSync /home/angeloocana/dev/gatsby-plugin-i18n/VERSION
5 info versioning independent
6 silly initialize attempt
7 silly initialize success
8 silly execute attempt
9 silly runScriptInDir test [] gatsby-plugin-i18n-readnext
10 silly getExecOpts { cwd: '/home/angeloocana/dev/gatsby-plugin-i18n/packages/gatsby-plugin-i18n-readnext' }
11 silly runScriptInDir test [] gatsby-plugin-i18n-tags
12 silly getExecOpts { cwd: '/home/angeloocana/dev/gatsby-plugin-i18n/packages/gatsby-plugin-i18n-tags' }
13 silly runScriptInDir test [] gatsby-plugin-i18n
14 silly getExecOpts { cwd: '/home/angeloocana/dev/gatsby-plugin-i18n/packages/gatsby-plugin-i18n' }
15 silly runScriptInDir test [] gatsby-starter-default-i18n
16 silly getExecOpts { cwd: '/home/angeloocana/dev/gatsby-plugin-i18n/packages/gatsby-starter-default-i18n' }
17 error test Errored while running script in 'gatsby-starter-default-i18n'
18 error execute callback with error
19 error Error: Command failed: yarn run test
19 error /bin/sh: jest: command not found
19 error error Command failed with exit code 127.
19 error $ jest
19 error info Visit https://yarnpkg.com/en/docs/cli/run for documentation about this command.
19 error
19 error     at Promise.all.then.arr (/home/angeloocana/dev/gatsby-plugin-i18n/node_modules/execa/index.js:236:11)
19 error     at <anonymous>
